2024-12-25 19:08:57 [INFO] root - === Starting Main Script ===
2024-12-25 19:08:57 [INFO] root - Created dataset with 200 samples.
2024-12-25 19:08:57 [INFO] root - Train size: 160, Test size: 40
2024-12-25 19:08:57 [INFO] root - Using device: cuda
2024-12-25 19:09:23 [INFO] root - Epoch [1/20] Train Loss: 19654020.68433 | Test Loss: 413.71489
2024-12-25 19:09:44 [INFO] root - Epoch [2/20] Train Loss: 510.48372 | Test Loss: 555.27557
2024-12-25 19:10:06 [INFO] root - Epoch [3/20] Train Loss: 638.08596 | Test Loss: 602.32687
2024-12-25 19:10:27 [INFO] root - Epoch [4/20] Train Loss: 551.57139 | Test Loss: 558.87253
2024-12-25 19:10:47 [INFO] root - Epoch [5/20] Train Loss: 513.71571 | Test Loss: 3364.21924
2024-12-25 19:10:47 [INFO] root - [Checkpoint] Saved: saved_models\model_epoch_5.pth
2024-12-25 19:11:06 [INFO] root - Epoch [6/20] Train Loss: 1224.24938 | Test Loss: 598.43320
2024-12-25 19:11:48 [INFO] root - Epoch [7/20] Train Loss: 498.79648 | Test Loss: 422.97523
2024-12-25 19:12:36 [INFO] root - Epoch [8/20] Train Loss: 366.84987 | Test Loss: 397.25951
2024-12-25 19:12:58 [INFO] root - Epoch [9/20] Train Loss: 387.28188 | Test Loss: 352.67099
2024-12-25 19:13:14 [INFO] root - Epoch [10/20] Train Loss: 359.49197 | Test Loss: 346.27977
2024-12-25 19:13:14 [INFO] root - [Checkpoint] Saved: saved_models\model_epoch_10.pth
2024-12-25 19:13:34 [INFO] root - Epoch [11/20] Train Loss: 341.98198 | Test Loss: 307.53349
2024-12-25 19:13:53 [INFO] root - Epoch [12/20] Train Loss: 342.61278 | Test Loss: 285.54216
2024-12-25 19:14:13 [INFO] root - Epoch [13/20] Train Loss: 344.30428 | Test Loss: 338.02557
2024-12-25 19:14:33 [INFO] root - Epoch [14/20] Train Loss: 337.68860 | Test Loss: 350.55663
