2024-12-25 21:50:28 [INFO] root - === Starting Main Script ===
2024-12-25 21:50:28 [INFO] root - Run directory: train_runs\20241225_215028
2024-12-25 21:50:28 [INFO] root - Command-line args: {'data_mode': 'existing', 'dataset_folder': 'output_dataset', 'num_samples': 500, 'img_size': 128, 'epochs': 50, 'lr': 0.001, 'alpha': 0.7, 'batch_size': 32, 'save_interval': 5}
2024-12-25 21:50:28 [INFO] root - Using existing dataset from output_dataset
2024-12-25 21:50:28 [INFO] root - Train subset: 800, Test subset: 200
2024-12-25 21:50:28 [INFO] root - Train size: 800, Test size: 200
2024-12-25 21:50:28 [INFO] root - Using device: cuda
2024-12-25 21:50:45 [INFO] root - Epoch[1/50] Train Loss: 144.98424, Test Loss: 47.28916
2024-12-25 21:50:54 [INFO] root - Epoch[2/50] Train Loss: 96.18906, Test Loss: 88.12106
2024-12-25 21:51:04 [INFO] root - Epoch[3/50] Train Loss: 53.15088, Test Loss: 16.81336
2024-12-25 21:51:14 [INFO] root - Epoch[4/50] Train Loss: 7.76272, Test Loss: 4.56478
2024-12-25 21:51:23 [INFO] root - Epoch[5/50] Train Loss: 3.63698, Test Loss: 2.57204
2024-12-25 21:51:23 [INFO] root - Checkpoint saved to train_runs\20241225_215028\model_epoch_5.pth
2024-12-25 21:51:33 [INFO] root - Epoch[6/50] Train Loss: 2.29606, Test Loss: 1.89040
2024-12-25 21:51:43 [INFO] root - Epoch[7/50] Train Loss: 1.57291, Test Loss: 1.28222
2024-12-25 21:51:52 [INFO] root - Epoch[8/50] Train Loss: 1.17635, Test Loss: 0.97630
2024-12-25 21:52:02 [INFO] root - Epoch[9/50] Train Loss: 0.93512, Test Loss: 0.79778
2024-12-25 21:52:12 [INFO] root - Epoch[10/50] Train Loss: 0.81770, Test Loss: 0.66483
2024-12-25 21:52:12 [INFO] root - Checkpoint saved to train_runs\20241225_215028\model_epoch_10.pth
2024-12-25 21:52:22 [INFO] root - Epoch[11/50] Train Loss: 0.67953, Test Loss: 0.57809
2024-12-25 21:52:31 [INFO] root - Epoch[12/50] Train Loss: 0.61474, Test Loss: 0.77376
2024-12-25 21:52:41 [INFO] root - Epoch[13/50] Train Loss: 0.57800, Test Loss: 0.51246
2024-12-25 21:52:51 [INFO] root - Epoch[14/50] Train Loss: 0.57914, Test Loss: 0.50266
2024-12-25 21:53:01 [INFO] root - Epoch[15/50] Train Loss: 0.52258, Test Loss: 0.46858
2024-12-25 21:53:01 [INFO] root - Checkpoint saved to train_runs\20241225_215028\model_epoch_15.pth
2024-12-25 21:53:10 [INFO] root - Epoch[16/50] Train Loss: 0.42549, Test Loss: 0.38441
2024-12-25 21:53:20 [INFO] root - Epoch[17/50] Train Loss: 0.38694, Test Loss: 0.36125
2024-12-25 21:53:30 [INFO] root - Epoch[18/50] Train Loss: 0.36492, Test Loss: 0.52356
2024-12-25 21:53:40 [INFO] root - Epoch[19/50] Train Loss: 0.97662, Test Loss: 0.50772
2024-12-25 21:53:50 [INFO] root - Epoch[20/50] Train Loss: 0.46645, Test Loss: 0.39616
2024-12-25 21:53:50 [INFO] root - Checkpoint saved to train_runs\20241225_215028\model_epoch_20.pth
2024-12-25 21:54:00 [INFO] root - Epoch[21/50] Train Loss: 0.36789, Test Loss: 0.33550
2024-12-25 21:54:11 [INFO] root - Epoch[22/50] Train Loss: 0.33190, Test Loss: 0.32076
2024-12-25 21:54:20 [INFO] root - Epoch[23/50] Train Loss: 0.31064, Test Loss: 0.29225
2024-12-25 21:54:30 [INFO] root - Epoch[24/50] Train Loss: 0.29502, Test Loss: 0.28360
2024-12-25 21:54:40 [INFO] root - Epoch[25/50] Train Loss: 0.29013, Test Loss: 0.28295
2024-12-25 21:54:40 [INFO] root - Checkpoint saved to train_runs\20241225_215028\model_epoch_25.pth
2024-12-25 21:54:50 [INFO] root - Epoch[26/50] Train Loss: 0.27050, Test Loss: 0.25335
2024-12-25 21:55:00 [INFO] root - Epoch[27/50] Train Loss: 0.30366, Test Loss: 0.27541
2024-12-25 21:55:09 [INFO] root - Epoch[28/50] Train Loss: 0.35533, Test Loss: 0.30206
2024-12-25 21:55:19 [INFO] root - Epoch[29/50] Train Loss: 0.26613, Test Loss: 0.23911
2024-12-25 21:55:29 [INFO] root - Epoch[30/50] Train Loss: 0.27615, Test Loss: 0.34138
2024-12-25 21:55:29 [INFO] root - Checkpoint saved to train_runs\20241225_215028\model_epoch_30.pth
2024-12-25 21:55:39 [INFO] root - Epoch[31/50] Train Loss: 0.36616, Test Loss: 0.28439
2024-12-25 21:55:49 [INFO] root - Epoch[32/50] Train Loss: 0.23496, Test Loss: 0.22240
2024-12-25 21:55:58 [INFO] root - Epoch[33/50] Train Loss: 0.20818, Test Loss: 0.20695
2024-12-25 21:56:08 [INFO] root - Epoch[34/50] Train Loss: 0.19889, Test Loss: 0.20904
2024-12-25 21:56:18 [INFO] root - Epoch[35/50] Train Loss: 0.22968, Test Loss: 0.20323
2024-12-25 21:56:18 [INFO] root - Checkpoint saved to train_runs\20241225_215028\model_epoch_35.pth
2024-12-25 21:56:28 [INFO] root - Epoch[36/50] Train Loss: 0.26496, Test Loss: 0.24447
2024-12-25 21:56:38 [INFO] root - Epoch[37/50] Train Loss: 0.21821, Test Loss: 0.19137
2024-12-25 21:56:47 [INFO] root - Epoch[38/50] Train Loss: 0.24196, Test Loss: 0.21963
2024-12-25 21:56:57 [INFO] root - Epoch[39/50] Train Loss: 0.36172, Test Loss: 0.35416
2024-12-25 21:57:07 [INFO] root - Epoch[40/50] Train Loss: 1.47188, Test Loss: 2.51261
2024-12-25 21:57:07 [INFO] root - Checkpoint saved to train_runs\20241225_215028\model_epoch_40.pth
2024-12-25 21:57:17 [INFO] root - Epoch[41/50] Train Loss: 1.04727, Test Loss: 1.10141
2024-12-25 21:57:28 [INFO] root - Epoch[42/50] Train Loss: 0.35053, Test Loss: 0.21502
2024-12-25 21:57:38 [INFO] root - Epoch[43/50] Train Loss: 0.18106, Test Loss: 0.17587
2024-12-25 21:57:48 [INFO] root - Epoch[44/50] Train Loss: 0.16469, Test Loss: 0.16514
2024-12-25 21:57:58 [INFO] root - Epoch[45/50] Train Loss: 0.15594, Test Loss: 0.15954
2024-12-25 21:57:58 [INFO] root - Checkpoint saved to train_runs\20241225_215028\model_epoch_45.pth
2024-12-25 21:58:08 [INFO] root - Epoch[46/50] Train Loss: 0.14941, Test Loss: 0.15554
2024-12-25 21:58:18 [INFO] root - Epoch[47/50] Train Loss: 0.15943, Test Loss: 0.17150
2024-12-25 21:58:28 [INFO] root - Epoch[48/50] Train Loss: 0.14496, Test Loss: 0.14299
2024-12-25 21:58:38 [INFO] root - Epoch[49/50] Train Loss: 0.13452, Test Loss: 0.14738
2024-12-25 21:58:48 [INFO] root - Epoch[50/50] Train Loss: 0.13028, Test Loss: 0.13651
2024-12-25 21:58:48 [INFO] root - Checkpoint saved to train_runs\20241225_215028\model_epoch_50.pth
2024-12-25 21:58:48 [INFO] root - Saved loss curve to: train_runs\20241225_215028\loss_curve.png
2024-12-25 21:58:49 [INFO] root - Saved final reconstruction to train_runs\20241225_215028\final_reconstruction.png
2024-12-25 21:58:49 [INFO] root - === End of Main Script ===
